<?xml version="1.0" encoding="UTF-8"?>
<coverage generated="1614599507363" clover="3.2.0">
  <project timestamp="1614599507364" name="All files">
    <metrics statements="6" coveredstatements="6" conditionals="2" coveredconditionals="2" methods="1" coveredmethods="1" elements="9" coveredelements="9" complexity="0" loc="6" ncloc="6" packages="1" files="2" classes="2"/>
    <file name="app.js" path="C:\Users\artem\Desktop\Netology\Продвинутый JS\ajs-destructuring\src\js\app.js">
      <metrics statements="5" coveredstatements="5" conditionals="2" coveredconditionals="2" methods="1" coveredmethods="1"/>
      <line num="6" count="1" type="stmt"/>
      <line num="8" count="1" type="stmt"/>
      <line num="10" count="2" type="cond" truecount="2" falsecount="0"/>
      <line num="11" count="1" type="stmt"/>
      <line num="14" count="1" type="stmt"/>
    </file>
    <file name="character.js" path="C:\Users\artem\Desktop\Netology\Продвинутый JS\ajs-destructuring\src\js\character.js">
      <metrics statements="1" coveredstatements="1" conditionals="0" coveredconditionals="0" methods="0" coveredmethods="0"/>
      <line num="3" count="1" type="stmt"/>
    </file>
  </project>
</coverage>
