{"C:\\Users\\artem\\Desktop\\Netology\\Продвинутый JS\\ajs-destructuring\\src\\js\\app.js": {"path":"C:\\Users\\artem\\Desktop\\Netology\\Продвинутый JS\\ajs-destructuring\\src\\js\\app.js","statementMap":{"0":{"start":{"line":5,"column":22},"end":{"line":5,"column":31}},"1":{"start":{"line":6,"column":2},"end":{"line":15,"column":3}},"2":{"start":{"line":8,"column":4},"end":{"line":13,"column":5}},"3":{"start":{"line":8,"column":17},"end":{"line":8,"column":18}},"4":{"start":{"line":10,"column":6},"end":{"line":12,"column":7}},"5":{"start":{"line":11,"column":8},"end":{"line":11,"column":55}},"6":{"start":{"line":14,"column":4},"end":{"line":14,"column":19}},"7":{"start":{"line":16,"column":2},"end":{"line":16,"column":28}}},"fnMap":{"0":{"name":"description","decl":{"start":{"line":3,"column":24},"end":{"line":3,"column":35}},"loc":{"start":{"line":3,"column":42},"end":{"line":17,"column":1}},"line":3}},"branchMap":{"0":{"loc":{"start":{"line":6,"column":2},"end":{"line":15,"column":3}},"type":"if","locations":[{"start":{"line":6,"column":2},"end":{"line":15,"column":3}},{"start":{"line":6,"column":2},"end":{"line":15,"column":3}}],"line":6},"1":{"loc":{"start":{"line":10,"column":6},"end":{"line":12,"column":7}},"type":"if","locations":[{"start":{"line":10,"column":6},"end":{"line":12,"column":7}},{"start":{"line":10,"column":6},"end":{"line":12,"column":7}}],"line":10}},"s":{"0":3,"1":3,"2":2,"3":2,"4":6,"5":2,"6":2,"7":1},"f":{"0":3},"b":{"0":[2,1],"1":[2,4]},"_coverageSchema":"1a1c01bbd47fc00a2c39e90264f33305004495a9","hash":"79aa51d9a1f0e0433c381597a752672ec3d00a35"}
,"C:\\Users\\artem\\Desktop\\Netology\\Продвинутый JS\\ajs-destructuring\\src\\js\\character.js": {"path":"C:\\Users\\artem\\Desktop\\Netology\\Продвинутый JS\\ajs-destructuring\\src\\js\\character.js","statementMap":{"0":{"start":{"line":3,"column":25},"end":{"line":24,"column":1}}},"fnMap":{},"branchMap":{},"s":{"0":1},"f":{},"b":{},"_coverageSchema":"1a1c01bbd47fc00a2c39e90264f33305004495a9","hash":"e44efde3bae4136b08e6a5733a377a935f87b9a1"}
}
