{"C:\\Users\\artem\\Desktop\\Netology\\Продвинутый JS\\ajs-destructuring\\src\\js\\app.js": {"path":"C:\\Users\\artem\\Desktop\\Netology\\Продвинутый JS\\ajs-destructuring\\src\\js\\app.js","statementMap":{"0":{"start":{"line":3,"column":22},"end":{"line":3,"column":26}},"1":{"start":{"line":5,"column":2},"end":{"line":10,"column":3}},"2":{"start":{"line":5,"column":15},"end":{"line":5,"column":16}},"3":{"start":{"line":7,"column":4},"end":{"line":9,"column":5}},"4":{"start":{"line":8,"column":6},"end":{"line":8,"column":53}},"5":{"start":{"line":11,"column":2},"end":{"line":11,"column":17}}},"fnMap":{"0":{"name":"description","decl":{"start":{"line":1,"column":24},"end":{"line":1,"column":35}},"loc":{"start":{"line":1,"column":42},"end":{"line":12,"column":1}},"line":1}},"branchMap":{"0":{"loc":{"start":{"line":7,"column":4},"end":{"line":9,"column":5}},"type":"if","locations":[{"start":{"line":7,"column":4},"end":{"line":9,"column":5}},{"start":{"line":7,"column":4},"end":{"line":9,"column":5}}],"line":7}},"s":{"0":3,"1":3,"2":3,"3":8,"4":3,"5":3},"f":{"0":3},"b":{"0":[3,5]},"_coverageSchema":"1a1c01bbd47fc00a2c39e90264f33305004495a9","hash":"584db7abaccb5ec2274e34c92501365535423c4f"}
,"C:\\Users\\artem\\Desktop\\Netology\\Продвинутый JS\\ajs-destructuring\\src\\js\\character.js": {"path":"C:\\Users\\artem\\Desktop\\Netology\\Продвинутый JS\\ajs-destructuring\\src\\js\\character.js","statementMap":{"0":{"start":{"line":3,"column":25},"end":{"line":24,"column":1}}},"fnMap":{},"branchMap":{},"s":{"0":1},"f":{},"b":{},"_coverageSchema":"1a1c01bbd47fc00a2c39e90264f33305004495a9","hash":"e44efde3bae4136b08e6a5733a377a935f87b9a1"}
}
